  app.c
D:\Udacity\c\Payment_Application\terminal.h(17,2): error C2365: 'OK': redefinition; previous definition was 'enumerator'
D:\Udacity\c\Payment_Application\card.h(18): message : see declaration of 'OK'
D:\Udacity\c\Payment_Application\terminal.h(17,4): error C2086: 'EN_terminalError_t OK': redefinition
D:\Udacity\c\Payment_Application\terminal.h(17): message : see declaration of 'OK'
D:\Udacity\c\Payment_Application\server.h(16,2): error C2365: 'OK': redefinition; previous definition was 'enumerator'
D:\Udacity\c\Payment_Application\card.h(18): message : see declaration of 'OK'
D:\Udacity\c\Payment_Application\server.h(16,4): error C2086: 'EN_serverError_t OK': redefinition
D:\Udacity\c\Payment_Application\server.h(16): message : see declaration of 'OK'
  Card.c
D:\Udacity\c\Payment_Application\Card.c(12,2): error C4996: 'scanf': This function or variable may be unsafe. Consider using scanf_s instead. To disable deprecation, use _CRT_SECURE_NO_WARNINGS. See online help for details.
D:\Udacity\c\Payment_Application\Card.c(23,2): error C4996: 'scanf': This function or variable may be unsafe. Consider using scanf_s instead. To disable deprecation, use _CRT_SECURE_NO_WARNINGS. See online help for details.
D:\Udacity\c\Payment_Application\Card.c(40,7): warning C4013: 'prinf' undefined; assuming extern returning int
D:\Udacity\c\Payment_Application\Card.c(41,2): error C4996: 'scanf': This function or variable may be unsafe. Consider using scanf_s instead. To disable deprecation, use _CRT_SECURE_NO_WARNINGS. See online help for details.
  server.c
D:\Udacity\c\Payment_Application\terminal.h(17,2): error C2365: 'OK': redefinition; previous definition was 'enumerator'
D:\Udacity\c\Payment_Application\card.h(18): message : see declaration of 'OK'
D:\Udacity\c\Payment_Application\terminal.h(17,4): error C2086: 'EN_terminalError_t OK': redefinition
D:\Udacity\c\Payment_Application\terminal.h(17): message : see declaration of 'OK'
D:\Udacity\c\Payment_Application\server.h(16,2): error C2365: 'OK': redefinition; previous definition was 'enumerator'
D:\Udacity\c\Payment_Application\card.h(18): message : see declaration of 'OK'
D:\Udacity\c\Payment_Application\server.h(16,4): error C2086: 'EN_serverError_t OK': redefinition
D:\Udacity\c\Payment_Application\server.h(16): message : see declaration of 'OK'
D:\Udacity\c\Payment_Application\server.c(66,42): warning C4028: formal parameter 1 different from declaration
D:\Udacity\c\Payment_Application\server.c(68,52): warning C4474: 'printf' : too many arguments passed for format string
D:\Udacity\c\Payment_Application\server.c(68,52): message : placeholders and their parameters expect 0 variadic arguments, but 1 were provided
D:\Udacity\c\Payment_Application\server.c(69,57): warning C4474: 'printf' : too many arguments passed for format string
D:\Udacity\c\Payment_Application\server.c(69,57): message : placeholders and their parameters expect 0 variadic arguments, but 1 were provided
D:\Udacity\c\Payment_Application\server.c(70,57): warning C4474: 'printf' : too many arguments passed for format string
D:\Udacity\c\Payment_Application\server.c(70,57): message : placeholders and their parameters expect 0 variadic arguments, but 1 were provided
D:\Udacity\c\Payment_Application\server.c(71,78): warning C4474: 'printf' : too many arguments passed for format string
D:\Udacity\c\Payment_Application\server.c(71,78): message : placeholders and their parameters expect 0 variadic arguments, but 1 were provided
  terminal.c
D:\Udacity\c\Payment_Application\terminal.h(17,2): error C2365: 'OK': redefinition; previous definition was 'enumerator'
D:\Udacity\c\Payment_Application\card.h(18): message : see declaration of 'OK'
D:\Udacity\c\Payment_Application\terminal.h(17,4): error C2086: 'EN_terminalError_t OK': redefinition
D:\Udacity\c\Payment_Application\terminal.h(17): message : see declaration of 'OK'
D:\Udacity\c\Payment_Application\terminal.c(9,2): error C4996: 'scanf': This function or variable may be unsafe. Consider using scanf_s instead. To disable deprecation, use _CRT_SECURE_NO_WARNINGS. See online help for details.
D:\Udacity\c\Payment_Application\terminal.c(39,2): error C4996: 'scanf': This function or variable may be unsafe. Consider using scanf_s instead. To disable deprecation, use _CRT_SECURE_NO_WARNINGS. See online help for details.
  Generating Code...
